<?xml version="1.0" encoding="UTF-8"?>
<robot generator="Robot 4.0 (Python 3.7.4 on win32)" generated="20210423 11:11:27.413" rpa="false" schemaversion="2">
<suite id="s1" name="Implicitwait" source="C:\Users\umasankar.panigrahy\PycharmProjects\Robo\TestCases\implicitwait.robot">
<test id="s1-t1" name="Regression test">
<kw name="Open Browser" library="SeleniumLibrary">
<arg>${url}</arg>
<arg>${browser}</arg>
<doc>Opens a new browser instance to the optional ``url``.</doc>
<msg timestamp="20210423 11:11:30.707" level="INFO">Opening browser 'chrome' to base url 'http://demowebshop.tricentis.com/register'.</msg>
<status status="PASS" starttime="20210423 11:11:30.707" endtime="20210423 11:11:39.497"/>
</kw>
<kw name="Maximize Browser Window" library="SeleniumLibrary">
<doc>Maximizes current browser window.</doc>
<status status="PASS" starttime="20210423 11:11:39.498" endtime="20210423 11:11:39.642"/>
</kw>
<kw name="Get Selenium Implicit Wait" library="SeleniumLibrary">
<var>${"implicit"}</var>
<doc>Gets the implicit wait value used by Selenium.</doc>
<msg timestamp="20210423 11:11:39.642" level="INFO">${"implicit"} = 0 seconds</msg>
<status status="PASS" starttime="20210423 11:11:39.642" endtime="20210423 11:11:39.642"/>
</kw>
<kw name="Log To Console" library="BuiltIn">
<arg>${"implicit"}</arg>
<doc>Logs the given message to the console.</doc>
<status status="PASS" starttime="20210423 11:11:39.643" endtime="20210423 11:11:39.644"/>
</kw>
<kw name="Set Selenium Implicit Wait" library="SeleniumLibrary">
<arg>10 seconds</arg>
<doc>Sets the implicit wait value used by Selenium.</doc>
<status status="PASS" starttime="20210423 11:11:39.644" endtime="20210423 11:11:39.648"/>
</kw>
<kw name="Get Selenium Implicit Wait" library="SeleniumLibrary">
<var>${"implicit"}</var>
<doc>Gets the implicit wait value used by Selenium.</doc>
<msg timestamp="20210423 11:11:39.648" level="INFO">${"implicit"} = 10 seconds</msg>
<status status="PASS" starttime="20210423 11:11:39.648" endtime="20210423 11:11:39.650"/>
</kw>
<kw name="Log To Console" library="BuiltIn">
<arg>${"implicit"}</arg>
<doc>Logs the given message to the console.</doc>
<status status="PASS" starttime="20210423 11:11:39.650" endtime="20210423 11:11:39.650"/>
</kw>
<kw name="Select Radio Button" library="SeleniumLibrary">
<arg>Gender</arg>
<arg>M</arg>
<doc>Sets the radio button group ``group_name`` to ``value``.</doc>
<msg timestamp="20210423 11:11:39.650" level="INFO">Selecting 'M' from radio button 'Gender'.</msg>
<status status="PASS" starttime="20210423 11:11:39.650" endtime="20210423 11:11:39.750"/>
</kw>
<kw name="Input Text" library="SeleniumLibrary">
<arg>name:FirstNamexx</arg>
<arg>uma</arg>
<doc>Types the given ``text`` into the text field identified by ``locator``.</doc>
<msg timestamp="20210423 11:11:39.751" level="INFO">Typing text 'uma' into text field 'name:FirstNamexx'.</msg>
<kw name="Capture Page Screenshot" library="SeleniumLibrary">
<doc>Takes a screenshot of the current page and embeds it into a log file.</doc>
<msg timestamp="20210423 11:11:50.178" level="INFO" html="true">&lt;/td&gt;&lt;/tr&gt;&lt;tr&gt;&lt;td colspan="3"&gt;&lt;a href="selenium-screenshot-21.png"&gt;&lt;img src="selenium-screenshot-21.png" width="800px"&gt;&lt;/a&gt;</msg>
<status status="PASS" starttime="20210423 11:11:49.772" endtime="20210423 11:11:50.179"/>
</kw>
<msg timestamp="20210423 11:11:50.233" level="FAIL">Element with locator 'name:FirstNamexx' not found.</msg>
<status status="FAIL" starttime="20210423 11:11:39.750" endtime="20210423 11:11:50.233"/>
</kw>
<kw name="Input Text" library="SeleniumLibrary">
<arg>name:LastName</arg>
<arg>sankar</arg>
<doc>Types the given ``text`` into the text field identified by ``locator``.</doc>
<status status="NOT RUN" starttime="20210423 11:11:50.241" endtime="20210423 11:11:50.241"/>
</kw>
<kw name="Input Text" library="SeleniumLibrary">
<arg>name:Email</arg>
<arg>umasankarp93@gmail.com</arg>
<doc>Types the given ``text`` into the text field identified by ``locator``.</doc>
<status status="NOT RUN" starttime="20210423 11:11:50.242" endtime="20210423 11:11:50.242"/>
</kw>
<kw name="Input Text" library="SeleniumLibrary">
<arg>name:Password</arg>
<arg>usp123</arg>
<doc>Types the given ``text`` into the text field identified by ``locator``.</doc>
<status status="NOT RUN" starttime="20210423 11:11:50.242" endtime="20210423 11:11:50.242"/>
</kw>
<kw name="Input Text" library="SeleniumLibrary">
<arg>name:ConfirmPassword</arg>
<arg>usp123</arg>
<doc>Types the given ``text`` into the text field identified by ``locator``.</doc>
<status status="NOT RUN" starttime="20210423 11:11:50.243" endtime="20210423 11:11:50.243"/>
</kw>
<kw name="Get Selenium Timeout" library="SeleniumLibrary">
<var>${"time"}</var>
<doc>Gets the timeout that is used by various keywords.</doc>
<status status="NOT RUN" starttime="20210423 11:11:50.243" endtime="20210423 11:11:50.243"/>
</kw>
<kw name="Log To Console" library="BuiltIn">
<arg>${"time"}</arg>
<doc>Logs the given message to the console.</doc>
<status status="NOT RUN" starttime="20210423 11:11:50.243" endtime="20210423 11:11:50.243"/>
</kw>
<status status="FAIL" starttime="20210423 11:11:30.706" endtime="20210423 11:11:50.243">Element with locator 'name:FirstNamexx' not found.</status>
</test>
<status status="FAIL" starttime="20210423 11:11:27.418" endtime="20210423 11:11:50.247"/>
</suite>
<statistics>
<total>
<stat pass="0" fail="1" skip="0">All Tests</stat>
</total>
<tag>
</tag>
<suite>
<stat pass="0" fail="1" skip="0" id="s1" name="Implicitwait">Implicitwait</stat>
</suite>
</statistics>
<errors>
</errors>
</robot>
